<?xml version="1.0" encoding="UTF-8"?>
<!-- Generated by org.testng.reporters.JUnitReportReporter -->
<testsuite name="SanityTests.Test333" tests="2" time="53.438" ignored="0" failures="0" timestamp="11 Jul 2017 14:12:41 GMT" skipped="0" hostname="PRANAY" errors="0">
  <testcase name="search1" time="14.048" classname="SanityTests.Test333"/>
  <testcase name="search2" time="39.390" classname="SanityTests.Test333"/>
</testsuite> <!-- SanityTests.Test333 -->
