<?xml version="1.0" encoding="UTF-8"?>
<!-- Generated by org.testng.reporters.JUnitReportReporter -->
<testsuite name="SanityTests.NewTest3" tests="3" time="0.050" ignored="1" failures="0" timestamp="01 Feb 2017 15:49:14 GMT" skipped="0" hostname="PRANAY" errors="0">
  <testcase name="delP1" time="0.011" classname="SanityTests.NewTest3"/>
  <testcase name="delP2" time="0.030" classname="SanityTests.NewTest3"/>
  <testcase name="addP2" time="0.009" classname="SanityTests.NewTest3"/>
  <testcase name="addP1" classname="SanityTests.NewTest3">
    <skipped/>
  </testcase> <!-- addP1 -->
</testsuite> <!-- SanityTests.NewTest3 -->
