<?xml version="1.0" encoding="UTF-8"?>
<!-- Generated by org.testng.reporters.JUnitReportReporter -->
<testsuite name="SanityTests.NewTest2" tests="2" time="0.012" ignored="0" failures="0" timestamp="01 Feb 2017 15:41:06 GMT" skipped="0" hostname="PRANAY" errors="0">
  <testcase name="delP1" time="0.003" classname="SanityTests.NewTest2"/>
  <testcase name="delP2" time="0.009" classname="SanityTests.NewTest2"/>
</testsuite> <!-- SanityTests.NewTest2 -->
