<?xml version="1.0" encoding="UTF-8"?>
<!-- Generated by org.testng.reporters.JUnitReportReporter -->
<testsuite name="SanityTests.NewTest1" tests="2" time="0.032" ignored="0" failures="0" timestamp="01 Feb 2017 15:51:54 GMT" skipped="0" hostname="PRANAY" errors="0">
  <testcase name="addP2" time="0.008" classname="SanityTests.NewTest1"/>
  <testcase name="addP1" time="0.024" classname="SanityTests.NewTest1"/>
</testsuite> <!-- SanityTests.NewTest1 -->
